<?xml version="1.0" encoding="utf-8" standalone="no"?>
<!--This file represents the results of running a test suite-->
<test-results name="C:\Documents and Settings\Alkazar\Мои документы\Visual Studio 2010\Projects\Nunit1\Nunit1\bin\Debug\Nunit1.dll" total="15" errors="0" failures="0" not-run="0" inconclusive="0" ignored="0" skipped="0" invalid="0" date="2011-01-14" time="17:40:13">
  <environment nunit-version="2.5.7.10213" clr-version="2.0.50727.3615" os-version="Microsoft Windows NT 5.1.2600 Service Pack 3" platform="Win32NT" cwd="C:\Program Files\NUnit 2.5.7\bin\net-2.0" machine-name="MYCOMPUTER" user="Alkazar" user-domain="MYCOMPUTER" />
  <culture-info current-culture="ru-RU" current-uiculture="ru-RU" />
  <test-suite type="Assembly" name="C:\Documents and Settings\Alkazar\Мои документы\Visual Studio 2010\Projects\Nunit1\Nunit1\bin\Debug\Nunit1.dll" executed="True" result="Success" success="True" time="0.734" asserts="0">
    <results>
      <test-suite type="Namespace" name="Nunit1" executed="True" result="Success" success="True" time="0.703" asserts="0">
        <results>
          <test-suite type="TestFixture" name="DataIntroduction" executed="True" result="Success" success="True" time="0.578" asserts="0">
            <results>
              <test-case name="Nunit1.DataIntroduction.I1_CannotConvert" executed="True" result="Success" success="True" time="0.406" asserts="0" />
              <test-case name="Nunit1.DataIntroduction.I1_Overrange" executed="True" result="Success" success="True" time="0.016" asserts="0" />
              <test-case name="Nunit1.DataIntroduction.I1_Valid" executed="True" result="Success" success="True" time="0.000" asserts="0" />
              <test-case name="Nunit1.DataIntroduction.I1_WithoutSize" executed="True" result="Success" success="True" time="0.000" asserts="0" />
              <test-case name="Nunit1.DataIntroduction.I2_CannotConvert" executed="True" result="Success" success="True" time="0.016" asserts="0" />
              <test-case name="Nunit1.DataIntroduction.I2_Overrange" executed="True" result="Success" success="True" time="0.000" asserts="0" />
              <test-case name="Nunit1.DataIntroduction.I2_Valid" executed="True" result="Success" success="True" time="0.000" asserts="0" />
              <test-case name="Nunit1.DataIntroduction.I2_WithoutI1" executed="True" result="Success" success="True" time="0.016" asserts="0" />
              <test-case name="Nunit1.DataIntroduction.InitialArray" executed="True" result="Success" success="True" time="0.016" asserts="1" />
              <test-case name="Nunit1.DataIntroduction.Size_CannotConvert" executed="True" result="Success" success="True" time="0.016" asserts="0" />
              <test-case name="Nunit1.DataIntroduction.Size_Overrange" executed="True" result="Success" success="True" time="0.000" asserts="0" />
              <test-case name="Nunit1.DataIntroduction.Size_Valid" executed="True" result="Success" success="True" time="0.016" asserts="1" />
              <test-case name="Nunit1.DataIntroduction.Size_WithoutArray" executed="True" result="Success" success="True" time="0.000" asserts="0" />
            </results>
          </test-suite>
          <test-suite type="TestFixture" name="LogicControl" executed="True" result="Success" success="True" time="0.047" asserts="0">
            <results>
              <test-case name="Nunit1.LogicControl.ComonWork" executed="True" result="Success" success="True" time="0.016" asserts="1" />
              <test-case name="Nunit1.LogicControl.ConstructorTest" executed="True" result="Success" success="True" time="0.031" asserts="1" />
            </results>
          </test-suite>
        </results>
      </test-suite>
    </results>
  </test-suite>
</test-results>