<?xml version="1.0" encoding="UTF-8"?>
<TestRun id="dbe00397-9348-41f3-8355-9d710f10948f" name="Alkazar@MYCOMPUTER 2011-01-14 17:37:32" runUser="MYCOMPUTER\Alkazar" xmlns="http://microsoft.com/schemas/VisualStudio/TeamTest/2010">
  <TestSettings name="Локальные" id="fd7e50c8-d520-47a4-a3a6-fc90e6eb1fbd">
    <Description>Это - параметры по умолчанию для локального тестового запуска.</Description>
    <Deployment enabled="false" runDeploymentRoot="Alkazar_MYCOMPUTER 2011-01-14 17_37_32" />
    <Execution>
      <TestTypeSpecific />
      <AgentRule name="Execution Agents">
      </AgentRule>
    </Execution>
  </TestSettings>
  <Times creation="2011-01-14T17:37:32.0468750+02:00" queuing="2011-01-14T17:37:32.0937500+02:00" start="2011-01-14T17:37:32.1406250+02:00" finish="2011-01-14T17:37:44.3281250+02:00" />
  <ResultSummary outcome="Completed">
    <Counters total="1" executed="1" passed="1" error="0" failed="0" timeout="0" aborted="0" inconclusive="0" passedButRunAborted="0" notRunnable="0" notExecuted="0" disconnected="0" warning="0" completed="0" inProgress="0" pending="0" />
  </ResultSummary>
  <TestDefinitions>
    <UnitTest name="CodedUITestMethod1" storage="c:\documents and settings\alkazar\мои документы\visual studio 2010\projects\tvpp\testproject1\bin\debug\testproject1.dll" id="c724dcba-737e-59be-d4b3-3aa12e47e71d">
      <Execution id="957d9fef-9c5a-4842-9e76-250c7fb34c28" />
      <TestMethod codeBase="C:/Documents and Settings/Alkazar/Мои документы/Visual Studio 2010/Projects/TVPP/TestProject1/bin/Debug/TestProject1.DLL" adapterTypeName="Microsoft.VisualStudio.TestTools.TestTypes.Unit.UnitTestAdapter, Microsoft.VisualStudio.QualityTools.Tips.UnitTest.Adapter, Version=10.0.0.0, Culture=neutral, PublicKeyToken=b03f5f7f11d50a3a" className="TestProject1.CodedUITest1, TestProject1, Version=1.0.0.0, Culture=neutral, PublicKeyToken=null" name="CodedUITestMethod1" />
      <Extension>Microsoft.VisualStudio.TestTools.UITesting.CodedUITestAttribute, Microsoft.VisualStudio.QualityTools.CodedUITestFramework, Version=10.0.0.0, Culture=neutral, PublicKeyToken=b03f5f7f11d50a3a</Extension>
    </UnitTest>
  </TestDefinitions>
  <TestLists>
    <TestList name="Отсутствующие в списке результаты" id="8c84fa94-04c1-424b-9868-57a2d4851a1d" />
    <TestList name="Все загруженные результаты" id="19431567-8539-422a-85d7-44ee4e166bda" />
  </TestLists>
  <TestEntries>
    <TestEntry testId="c724dcba-737e-59be-d4b3-3aa12e47e71d" executionId="957d9fef-9c5a-4842-9e76-250c7fb34c28" testListId="8c84fa94-04c1-424b-9868-57a2d4851a1d" />
  </TestEntries>
  <Results>
    <UnitTestResult executionId="957d9fef-9c5a-4842-9e76-250c7fb34c28" testId="c724dcba-737e-59be-d4b3-3aa12e47e71d" testName="CodedUITestMethod1" computerName="MYCOMPUTER" duration="00:00:10.2969523" startTime="2011-01-14T17:37:32.1406250+02:00" endTime="2011-01-14T17:37:43.9218750+02:00" testType="13cdc9d9-ddb5-4fa4-a97d-d965ccfc6d4b" outcome="Passed" testListId="8c84fa94-04c1-424b-9868-57a2d4851a1d" relativeResultsDirectory="957d9fef-9c5a-4842-9e76-250c7fb34c28">
      <Output>
        <DebugTrace>W, 2912, 46, 2011/01/14, 17:37:36.796, 622709216134540, QTAgent32.exe, &lt;a class=success&gt;Playback - {1} [SUCCESS] DoubleClick - "[MSAA]ControlType='ListItem' &amp;&amp; Name='Swap Array.exe'"  &lt; Mouse cursor location (507, 119) &gt;
\0&lt;/a&gt;
W, 2912, 46, 2011/01/14, 17:37:37.750, 622710783640910, QTAgent32.exe, Value in en-US resource 'Развернуть' does not match the defaultvalue 'Maximize'
W, 2912, 46, 2011/01/14, 17:37:37.750, 622710784997080, QTAgent32.exe, Value in en-US resource 'Восстановить' does not match the defaultvalue 'Restore'
E, 2912, 46, 2011/01/14, 17:37:37.781, 622710845291700, QTAgent32.exe, LoadIEStrings() - Could not find ie resource assembly in ru-RU or ru-RU
E, 2912, 46, 2011/01/14, 17:37:37.781, 622710846097660, QTAgent32.exe, LoadIEStrings() - Could not find user32 resource assembly in ru-RU or ru-RU
W, 2912, 46, 2011/01/14, 17:37:38.406, 622711881077500, QTAgent32.exe, &lt;a class=success&gt;Playback - {2} [SUCCESS] SetValueAsEditBox "12345678" - "[MSAA, VisibleOnly]ControlType='Edit'"  &lt; Set via SendKeys &gt;
\0&lt;/a&gt;
W, 2912, 46, 2011/01/14, 17:37:38.734, 622712420284820, QTAgent32.exe, &lt;a class=success&gt;Playback - {3} [SUCCESS] SendKeys "{Enter}" - "[MSAA, VisibleOnly]ControlType='Edit'"
\0&lt;/a&gt;
W, 2912, 46, 2011/01/14, 17:37:39.500, 622713700616020, QTAgent32.exe, &lt;a class=success&gt;Playback - {4} [SUCCESS] SetValueAsEditBox "4" - "[MSAA, VisibleOnly]ControlType='Edit'"  &lt; Set via SendKeys &gt;
\0&lt;/a&gt;
W, 2912, 46, 2011/01/14, 17:37:39.812, 622714218521760, QTAgent32.exe, &lt;a class=success&gt;Playback - {5} [SUCCESS] SendKeys "{Enter}" - "[MSAA, VisibleOnly]ControlType='Edit'"
\0&lt;/a&gt;
W, 2912, 46, 2011/01/14, 17:37:40.562, 622715476061600, QTAgent32.exe, &lt;a class=success&gt;Playback - {6} [SUCCESS] SetValueAsEditBox "1" - "[MSAA, VisibleOnly]ControlType='Edit'"  &lt; Set via SendKeys &gt;
\0&lt;/a&gt;
W, 2912, 46, 2011/01/14, 17:37:40.875, 622716009804730, QTAgent32.exe, &lt;a class=success&gt;Playback - {7} [SUCCESS] SendKeys "{Enter}" - "[MSAA, VisibleOnly]ControlType='Edit'"
\0&lt;/a&gt;
W, 2912, 46, 2011/01/14, 17:37:41.640, 622717264640490, QTAgent32.exe, &lt;a class=success&gt;Playback - {8} [SUCCESS] SetValueAsEditBox "5" - "[MSAA, VisibleOnly]ControlType='Edit'"  &lt; Set via SendKeys &gt;
\0&lt;/a&gt;
W, 2912, 46, 2011/01/14, 17:37:42.000, 622717872107600, QTAgent32.exe, &lt;a class=success&gt;Playback - {9} [SUCCESS] SendKeys "{Enter}" - "[MSAA, VisibleOnly]ControlType='Edit'"
\0&lt;/a&gt;
W, 2912, 46, 2011/01/14, 17:37:42.671, 622718982832300, QTAgent32.exe, &lt;a class=success&gt;Playback - {10} [SUCCESS] MouseButtonClick - "[MSAA, VisibleOnly]ControlType='Button' &amp;&amp; Name='Обменять'"
\0&lt;/a&gt;
W, 2912, 46, 2011/01/14, 17:37:43.703, 622720710953020, QTAgent32.exe, &lt;a class=success&gt;Playback - {11} [SUCCESS] MouseButtonClick - "[MSAA, VisibleOnly]ControlType='Button' &amp;&amp; Name='Закрыть'"
\0&lt;/a&gt;
W, 2912, 46, 2011/01/14, 17:37:43.843, 622720956279770, QTAgent32.exe, IEDOM : StopSession of the plugin called before StartSession
W, 2912, 46, 2011/01/14, 17:37:43.843, 622720956630980, QTAgent32.exe, UIA : StopSession of the plugin called before StartSession
</DebugTrace>
      </Output>
    </UnitTestResult>
  </Results>
</TestRun>