<?xml version="1.0" encoding="UTF-8"?>
<TestRun id="cb2f96fb-e78e-4d73-8cf1-4f8cf426ceb7" name="Alkazar@MYCOMPUTER 2010-12-08 13:15:25" runUser="MYCOMPUTER\Alkazar" xmlns="http://microsoft.com/schemas/VisualStudio/TeamTest/2010">
  <TestSettings name="Локальные" id="fd7e50c8-d520-47a4-a3a6-fc90e6eb1fbd">
    <Description>Это - параметры по умолчанию для локального тестового запуска.</Description>
    <Deployment enabled="false" runDeploymentRoot="Alkazar_MYCOMPUTER 2010-12-08 13_15_25" />
    <Execution>
      <TestTypeSpecific />
      <AgentRule name="Execution Agents">
      </AgentRule>
    </Execution>
  </TestSettings>
  <Times creation="2010-12-08T13:15:25.9062500+02:00" queuing="2010-12-08T13:15:29.3750000+02:00" start="2010-12-08T13:15:29.7812500+02:00" finish="2010-12-08T13:15:38.7812500+02:00" />
  <ResultSummary outcome="Aborted">
    <Counters total="1" executed="1" error="0" failed="0" timeout="0" aborted="1" inconclusive="0" passedButRunAborted="0" notRunnable="0" notExecuted="0" disconnected="0" warning="0" passed="0" completed="0" inProgress="0" pending="0" />
  </ResultSummary>
  <TestDefinitions>
    <UnitTest name="CodedUITestMethod1" storage="c:\documents and settings\alkazar\мои документы\visual studio 2010\projects\tvpp\testproject1\bin\debug\testproject1.dll" id="c724dcba-737e-59be-d4b3-3aa12e47e71d">
      <Execution id="c5ca7c8b-a7bc-4559-a558-c9b325f16949" />
      <TestMethod codeBase="C:/Documents and Settings/Alkazar/Мои документы/Visual Studio 2010/Projects/TVPP/TestProject1/bin/Debug/TestProject1.DLL" adapterTypeName="Microsoft.VisualStudio.TestTools.TestTypes.Unit.UnitTestAdapter, Microsoft.VisualStudio.QualityTools.Tips.UnitTest.Adapter, Version=10.0.0.0, Culture=neutral, PublicKeyToken=b03f5f7f11d50a3a" className="TestProject1.CodedUITest1, TestProject1, Version=1.0.0.0, Culture=neutral, PublicKeyToken=null" name="CodedUITestMethod1" />
      <Extension>Microsoft.VisualStudio.TestTools.UITesting.CodedUITestAttribute, Microsoft.VisualStudio.QualityTools.CodedUITestFramework, Version=10.0.0.0, Culture=neutral, PublicKeyToken=b03f5f7f11d50a3a</Extension>
    </UnitTest>
  </TestDefinitions>
  <TestLists>
    <TestList name="Отсутствующие в списке результаты" id="8c84fa94-04c1-424b-9868-57a2d4851a1d" />
    <TestList name="Все загруженные результаты" id="19431567-8539-422a-85d7-44ee4e166bda" />
  </TestLists>
  <TestEntries>
    <TestEntry testId="c724dcba-737e-59be-d4b3-3aa12e47e71d" executionId="c5ca7c8b-a7bc-4559-a558-c9b325f16949" testListId="8c84fa94-04c1-424b-9868-57a2d4851a1d" />
  </TestEntries>
  <Results>
    <UnitTestResult executionId="c5ca7c8b-a7bc-4559-a558-c9b325f16949" testId="c724dcba-737e-59be-d4b3-3aa12e47e71d" testName="CodedUITestMethod1" computerName="MYCOMPUTER" duration="00:00:07.0312500" startTime="2010-12-08T13:15:29.8281250+02:00" endTime="2010-12-08T13:15:36.8593750+02:00" testType="13cdc9d9-ddb5-4fa4-a97d-d965ccfc6d4b" outcome="Aborted" testListId="8c84fa94-04c1-424b-9868-57a2d4851a1d" relativeResultsDirectory="c5ca7c8b-a7bc-4559-a558-c9b325f16949">
      <Output>
        <DebugTrace>W, 3092, 14, 2010/12/08, 13:15:35.187, 174176241352486, QTAgent32.exe, Playback - [WARNING] Internal warning: Window Not Found: [VisibleOnly]ControlType='Window' &amp;&amp; Name='Debug' &amp;&amp; ClassName='CabinetWClass'
\0
E, 3092, 14, 2010/12/08, 13:15:35.203, 174176258666186, QTAgent32.exe, &lt;a class=failure&gt;Playback - {1} [FAILED] Function ElementFetcher::FindScreenElement failed to locate UI element (Searching: ;[VisibleOnly]ControlType='Window' &amp;&amp; Name='Debug' &amp;&amp; ClassName='CabinetWClass') (Указанный объект не найден.)
\0&lt;/a&gt;
E, 3092, 14, 2010/12/08, 13:15:35.390, 174176588654106, QTAgent32.exe, Playback - [IMAGE] C:\Documents and Settings\Alkazar\Local Settings\Temp\UITestLogs\LastRun\RPF16F5.png
\0
W, 3092, 14, 2010/12/08, 13:15:35.390, 174176589334836, QTAgent32.exe, Playback - [WARNING] Internal warning: Couldn't find descendants that match QueryId
\0
W, 3092, 14, 2010/12/08, 13:15:35.406, 174176616767846, QTAgent32.exe, PERF WARNING: FindTopLevelWindowHelper::FindAllDescendents: took 734 ms. Expected it to take maximum 500 ms.
</DebugTrace>
        <ErrorInfo>
          <Message>Тестовый запуск прерван пользователем.</Message>
        </ErrorInfo>
      </Output>
      <ResultFiles>
        <ResultFile path="MYCOMPUTER\CodedUITestMethod1.png" />
      </ResultFiles>
    </UnitTestResult>
  </Results>
</TestRun>